<?xml version="1.0" encoding="UTF-8"?>
<testsuite name="ru.netology.qa.UiautomatorTest" tests="1" skipped="0" failures="0" errors="0" timestamp="2023-11-28T10:54:42" hostname="LAPTOP-8TMVD82P" time="12.838">
  <properties/>
  <testcase name="sampleTest()" classname="ru.netology.qa.UiautomatorTest" time="12.838"/>
  <system-out><![CDATA[]]></system-out>
  <system-err><![CDATA[нояб. 28, 2023 5:54:49 PM io.appium.java_client.remote.AppiumCommandExecutor$1 lambda$0
INFO: Detected dialect: W3C
]]></system-err>
</testsuite>
